2025-02-25 18:41:27,905 INFO  [org.jboss.modules] (main) JBoss Modules version 2.1.5.Final
2025-02-25 18:41:28,820 INFO  [org.jboss.msc] (main) JBoss MSC version 1.5.5.Final
2025-02-25 18:41:28,830 INFO  [org.jboss.threads] (main) JBoss Threads version 2.4.0.Final
2025-02-25 18:41:28,960 INFO  [org.jboss.as] (MSC service thread 1-2) WFLYSRV0049: WildFly 34.0.1.Final (WildFly Core 26.0.1.Final) starting
2025-02-25 18:41:28,964 DEBUG [org.jboss.as.config] (MSC service thread 1-2) Configured system properties:
	[Standalone] = 
	file.encoding = UTF-8
	file.separator = /
	java.awt.headless = true
	java.class.path = /home/barahlush/itmo/itmo_web/2lab/backend2/wildfly-34.0.1.Final/jboss-modules.jar
	java.class.version = 67.0
	java.home = /usr/lib/jvm/java-23-openjdk
	java.io.tmpdir = /tmp
	java.library.path = /usr/java/packages/lib:/usr/lib64:/lib64:/lib:/usr/lib
	java.net.preferIPv4Stack = true
	java.runtime.name = OpenJDK Runtime Environment
	java.runtime.version = 23.0.2
	java.security.manager = allow
	java.specification.name = Java Platform API Specification
	java.specification.vendor = Oracle Corporation
	java.specification.version = 23
	java.util.logging.manager = org.jboss.logmanager.LogManager
	java.vendor = Arch Linux
	java.vendor.url = https://openjdk.org/
	java.vendor.url.bug = https://bugreport.java.com/bugreport/
	java.version = 23.0.2
	java.version.date = 2025-01-21
	java.vm.compressedOopsMode = 32-bit
	java.vm.info = mixed mode, sharing
	java.vm.name = OpenJDK 64-Bit Server VM
	java.vm.specification.name = Java Virtual Machine Specification
	java.vm.specification.vendor = Oracle Corporation
	java.vm.specification.version = 23
	java.vm.vendor = Arch Linux
	java.vm.version = 23.0.2
	javax.management.builder.initial = org.jboss.as.jmx.PluggableMBeanServerBuilder
	jboss.home.dir = /home/barahlush/itmo/itmo_web/2lab/backend2/wildfly-34.0.1.Final
	jboss.host.name = melchior
	jboss.modules.system.pkgs = org.jboss.byteman
	jboss.node.name = melchior
	jboss.qualified.host.name = melchior
	jboss.server.base.dir = /home/barahlush/itmo/itmo_web/2lab/backend2/wildfly-34.0.1.Final/standalone
	jboss.server.config.dir = /home/barahlush/itmo/itmo_web/2lab/backend2/wildfly-34.0.1.Final/standalone/configuration
	jboss.server.data.dir = /home/barahlush/itmo/itmo_web/2lab/backend2/wildfly-34.0.1.Final/standalone/data
	jboss.server.log.dir = /home/barahlush/itmo/itmo_web/2lab/backend2/wildfly-34.0.1.Final/standalone/log
	jboss.server.name = melchior
	jboss.server.persist.config = true
	jboss.server.temp.dir = /home/barahlush/itmo/itmo_web/2lab/backend2/wildfly-34.0.1.Final/standalone/tmp
	jdk.debug = release
	jdk.serialFilter = maxbytes=10485760;maxdepth=128;maxarray=100000;maxrefs=300000
	line.separator = 

	logging.configuration = file:/home/barahlush/itmo/itmo_web/2lab/backend2/wildfly-34.0.1.Final/standalone/configuration/logging.properties
	module.path = /home/barahlush/itmo/itmo_web/2lab/backend2/wildfly-34.0.1.Final/modules
	native.encoding = UTF-8
	org.jboss.boot.log.file = /home/barahlush/itmo/itmo_web/2lab/backend2/wildfly-34.0.1.Final/standalone/log/server.log
	org.jboss.resolver.warning = true
	os.arch = amd64
	os.name = Linux
	os.version = 6.13.4-arch1-1
	path.separator = :
	stderr.encoding = UTF-8
	stdout.encoding = UTF-8
	sun.arch.data.model = 64
	sun.boot.library.path = /usr/lib/jvm/java-23-openjdk/lib
	sun.cpu.endian = little
	sun.io.unicode.encoding = UnicodeLittle
	sun.java.command = /home/barahlush/itmo/itmo_web/2lab/backend2/wildfly-34.0.1.Final/jboss-modules.jar -mp /home/barahlush/itmo/itmo_web/2lab/backend2/wildfly-34.0.1.Final/modules org.jboss.as.standalone -Djboss.home.dir=/home/barahlush/itmo/itmo_web/2lab/backend2/wildfly-34.0.1.Final -Djboss.server.base.dir=/home/barahlush/itmo/itmo_web/2lab/backend2/wildfly-34.0.1.Final/standalone
	sun.java.launcher = SUN_STANDARD
	sun.jnu.encoding = UTF-8
	sun.management.compiler = HotSpot 64-Bit Tiered Compilers
	user.country = RU
	user.dir = /home/barahlush/itmo/itmo_web/2lab/backend2/wildfly-34.0.1.Final/bin
	user.home = /home/barahlush
	user.language = ru
	user.name = barahlush
	user.timezone = Europe/Moscow
2025-02-25 18:41:28,965 DEBUG [org.jboss.as.config] (MSC service thread 1-2) VM Arguments: -D[Standalone] -Djdk.serialFilter=maxbytes=10485760;maxdepth=128;maxarray=100000;maxrefs=300000 -Xms64m -Xmx512m -XX:MetaspaceSize=96M -XX:MaxMetaspaceSize=256m -Djava.net.preferIPv4Stack=true -Djboss.modules.system.pkgs=org.jboss.byteman -Djava.awt.headless=true --add-exports=java.desktop/sun.awt=ALL-UNNAMED --add-exports=java.naming/com.sun.jndi.ldap=ALL-UNNAMED --add-exports=java.naming/com.sun.jndi.url.ldap=ALL-UNNAMED --add-exports=java.naming/com.sun.jndi.url.ldaps=ALL-UNNAMED --add-exports=jdk.naming.dns/com.sun.jndi.dns=ALL-UNNAMED --add-opens=java.base/java.lang=ALL-UNNAMED --add-opens=java.base/java.lang.invoke=ALL-UNNAMED --add-opens=java.base/java.lang.reflect=ALL-UNNAMED --add-opens=java.base/java.io=ALL-UNNAMED --add-opens=java.base/java.net=ALL-UNNAMED --add-opens=java.base/java.security=ALL-UNNAMED --add-opens=java.base/java.util=ALL-UNNAMED --add-opens=java.base/java.util.concurrent=ALL-UNNAMED --add-opens=java.management/javax.management=ALL-UNNAMED --add-opens=java.naming/javax.naming=ALL-UNNAMED -Djava.security.manager=allow -Dorg.jboss.boot.log.file=/home/barahlush/itmo/itmo_web/2lab/backend2/wildfly-34.0.1.Final/standalone/log/server.log -Dlogging.configuration=file:/home/barahlush/itmo/itmo_web/2lab/backend2/wildfly-34.0.1.Final/standalone/configuration/logging.properties 
2025-02-25 18:41:29,990 INFO  [org.wildfly.security] (Controller Boot Thread) ELY00001: WildFly Elytron version 2.6.0.Final
2025-02-25 18:41:30,653 INFO  [org.jboss.as.server] (Controller Boot Thread) WFLYSRV0039: Creating http management service using socket-binding (management-http)
2025-02-25 18:41:30,669 INFO  [org.xnio] (MSC service thread 1-2) XNIO version 3.8.16.Final
2025-02-25 18:41:30,679 INFO  [org.xnio.nio] (MSC service thread 1-2) XNIO NIO Implementation Version 3.8.16.Final
2025-02-25 18:41:30,712 INFO  [org.wildfly.extension.health] (ServerService Thread Pool -- 54) WFLYHEALTH0001: Activating Base Health Subsystem
2025-02-25 18:41:30,711 INFO  [org.wildfly.extension.elytron.oidc._private] (ServerService Thread Pool -- 53) WFLYOIDC0001: Activating WildFly Elytron OIDC Subsystem
2025-02-25 18:41:30,715 INFO  [org.jboss.as.clustering.infinispan] (ServerService Thread Pool -- 55) WFLYCLINF0001: Activating Infinispan subsystem.
2025-02-25 18:41:30,750 INFO  [org.wildfly.extension.microprofile.config.smallrye] (ServerService Thread Pool -- 65) WFLYCONF0001: Activating MicroProfile Config Subsystem
2025-02-25 18:41:30,752 INFO  [org.wildfly.extension.microprofile.jwt.smallrye] (ServerService Thread Pool -- 66) WFLYJWT0001: Activating MicroProfile JWT Subsystem
2025-02-25 18:41:30,753 WARN  [org.jboss.as.txn] (ServerService Thread Pool -- 74) WFLYTX0013: The node-identifier attribute on the /subsystem=transactions is set to the default value. This is a danger for environments running multiple servers. Please make sure the attribute value is unique.
2025-02-25 18:41:30,752 INFO  [org.wildfly.extension.io] (ServerService Thread Pool -- 56) WFLYIO001: Worker 'default' has auto-configured to 16 IO threads with 128 max task threads based on your 8 available processors
2025-02-25 18:41:30,768 INFO  [org.jboss.as.naming] (ServerService Thread Pool -- 67) WFLYNAM0001: Activating Naming Subsystem
2025-02-25 18:41:30,779 INFO  [org.wildfly.extension.metrics] (ServerService Thread Pool -- 64) WFLYMETRICS0001: Activating Base Metrics Subsystem
2025-02-25 18:41:30,779 INFO  [org.jboss.as.jsf] (ServerService Thread Pool -- 62) WFLYJSF0007: Activated the following Jakarta Server Faces Implementations: [main]
2025-02-25 18:41:30,808 INFO  [org.jboss.as.jaxrs] (ServerService Thread Pool -- 57) WFLYRS0016: RESTEasy version 6.2.11.Final
2025-02-25 18:41:30,817 INFO  [org.jboss.as.webservices] (ServerService Thread Pool -- 76) WFLYWS0002: Activating WebServices Extension
2025-02-25 18:41:30,824 INFO  [org.jboss.as.connector] (MSC service thread 1-6) WFLYJCA0009: Starting Jakarta Connectors Subsystem (WildFly/IronJacamar 3.0.10.Final)
2025-02-25 18:41:30,836 INFO  [org.jboss.as.connector.subsystems.datasources] (ServerService Thread Pool -- 44) WFLYJCA0004: Deploying JDBC-compliant driver class org.h2.Driver (version 2.2)
2025-02-25 18:41:30,843 INFO  [org.jboss.as.connector.deployers.jdbc] (MSC service thread 1-1) WFLYJCA0018: Started Driver service with driver-name = h2
2025-02-25 18:41:30,851 INFO  [org.jboss.as.mail.extension] (MSC service thread 1-1) WFLYMAIL0001: Bound mail session [java:jboss/mail/Default]
2025-02-25 18:41:30,850 INFO  [org.jboss.as.naming] (MSC service thread 1-4) WFLYNAM0003: Starting Naming Service
2025-02-25 18:41:30,857 INFO  [org.jboss.remoting] (MSC service thread 1-2) JBoss Remoting version 5.0.29.Final
2025-02-25 18:41:30,970 INFO  [org.wildfly.extension.undertow] (MSC service thread 1-8) WFLYUT0003: Undertow 2.3.18.Final starting
2025-02-25 18:41:30,996 WARN  [org.wildfly.extension.elytron] (MSC service thread 1-6) WFLYELY00023: KeyStore file '/home/barahlush/itmo/itmo_web/2lab/backend2/wildfly-34.0.1.Final/standalone/configuration/application.keystore' does not exist. Used blank.
2025-02-25 18:41:31,015 WARN  [org.wildfly.extension.elytron] (MSC service thread 1-3) WFLYELY01084: KeyStore /home/barahlush/itmo/itmo_web/2lab/backend2/wildfly-34.0.1.Final/standalone/configuration/application.keystore not found, it will be auto-generated on first use with a self-signed certificate for host localhost
2025-02-25 18:41:31,048 INFO  [org.jboss.as.ejb3] (MSC service thread 1-1) WFLYEJB0481: Strict pool slsb-strict-max-pool is using a max instance size of 128 (per class), which is derived from thread worker pool sizing.
2025-02-25 18:41:31,050 INFO  [org.jboss.as.ejb3] (MSC service thread 1-4) WFLYEJB0482: Strict pool mdb-strict-max-pool is using a max instance size of 32 (per class), which is derived from the number of CPUs on this host.
2025-02-25 18:41:31,101 INFO  [org.wildfly.extension.undertow] (ServerService Thread Pool -- 75) WFLYUT0014: Creating file handler for path '/home/barahlush/itmo/itmo_web/2lab/backend2/wildfly-34.0.1.Final/welcome-content' with options [directory-listing: 'false', follow-symlink: 'false', case-sensitive: 'true', safe-symlink-paths: '[]']
2025-02-25 18:41:31,117 INFO  [org.wildfly.extension.undertow] (MSC service thread 1-3) WFLYUT0012: Started server default-server.
2025-02-25 18:41:31,125 INFO  [org.wildfly.extension.undertow] (MSC service thread 1-1) Queuing requests.
2025-02-25 18:41:31,128 INFO  [org.wildfly.extension.undertow] (MSC service thread 1-1) WFLYUT0018: Host default-host starting
2025-02-25 18:41:31,191 INFO  [org.wildfly.extension.undertow] (MSC service thread 1-4) WFLYUT0006: Undertow HTTP listener default listening on 0.0.0.0:13679
2025-02-25 18:41:31,277 INFO  [org.jboss.as.ejb3] (MSC service thread 1-7) WFLYEJB0493: Jakarta Enterprise Beans subsystem suspension complete
2025-02-25 18:41:31,284 INFO  [org.jboss.as.server.deployment.scanner] (MSC service thread 1-5) WFLYDS0013: Started FileSystemDeploymentService for directory /home/barahlush/itmo/itmo_web/2lab/backend2/wildfly-34.0.1.Final/standalone/deployments
2025-02-25 18:41:31,303 INFO  [org.wildfly.extension.undertow] (MSC service thread 1-6) WFLYUT0006: Undertow HTTPS listener https listening on 0.0.0.0:13680
2025-02-25 18:41:31,348 INFO  [org.jboss.as.connector.subsystems.datasources] (MSC service thread 1-4) WFLYJCA0001: Bound data source [java:jboss/datasources/ExampleDS]
2025-02-25 18:41:31,402 INFO  [org.jboss.ws.common.management] (MSC service thread 1-2) JBWS022052: Starting JBossWS 7.2.0.Final (Apache CXF 4.0.5) 
2025-02-25 18:41:31,560 INFO  [org.jboss.as.server] (Controller Boot Thread) WFLYSRV0212: Resuming server
2025-02-25 18:41:31,570 INFO  [org.jboss.as] (Controller Boot Thread) WFLYSRV0060: Http management interface listening on http://0.0.0.0:13681/management
2025-02-25 18:41:31,571 INFO  [org.jboss.as] (Controller Boot Thread) WFLYSRV0051: Admin console listening on http://0.0.0.0:13681
2025-02-25 18:41:31,573 INFO  [org.jboss.as] (Controller Boot Thread) WFLYSRV0025: WildFly 34.0.1.Final (WildFly Core 26.0.1.Final) started in 4863ms - Started 328 of 542 services (322 services are lazy, passive or on-demand) - Server configuration file in use: standalone.xml - Minimum feature stability level: community
2025-02-25 18:44:59,364 INFO  [org.jboss.as.server] (management-handler-thread - 1) WFLYSRV0272: Suspending server
2025-02-25 18:44:59,382 INFO  [org.jboss.as.ejb3] (management-handler-thread - 1) WFLYEJB0493: Jakarta Enterprise Beans subsystem suspension complete
2025-02-25 18:44:59,398 INFO  [org.jboss.as.server] (Management Triggered Shutdown) WFLYSRV0241: Shutting down in response to management operation 'shutdown'
2025-02-25 18:44:59,436 INFO  [org.jboss.as.mail.extension] (MSC service thread 1-3) WFLYMAIL0002: Unbound mail session [java:jboss/mail/Default]
2025-02-25 18:44:59,436 INFO  [org.jboss.as.connector.subsystems.datasources] (MSC service thread 1-7) WFLYJCA0010: Unbound data source [java:jboss/datasources/ExampleDS]
2025-02-25 18:44:59,447 INFO  [org.wildfly.extension.undertow] (MSC service thread 1-5) WFLYUT0008: Undertow HTTPS listener https suspending
2025-02-25 18:44:59,452 INFO  [org.wildfly.extension.undertow] (MSC service thread 1-3) WFLYUT0019: Host default-host stopping
2025-02-25 18:45:04,729 INFO  [org.jboss.modules] (main) JBoss Modules version 2.1.5.Final
2025-02-25 18:45:05,641 INFO  [org.jboss.msc] (main) JBoss MSC version 1.5.5.Final
2025-02-25 18:45:05,651 INFO  [org.jboss.threads] (main) JBoss Threads version 2.4.0.Final
2025-02-25 18:45:05,782 INFO  [org.jboss.as] (MSC service thread 1-1) WFLYSRV0049: WildFly 34.0.1.Final (WildFly Core 26.0.1.Final) starting
2025-02-25 18:45:05,784 DEBUG [org.jboss.as.config] (MSC service thread 1-1) Configured system properties:
	[Standalone] = 
	file.encoding = UTF-8
	file.separator = /
	java.awt.headless = true
	java.class.path = /home/barahlush/itmo/itmo_web/2lab/backend2/wildfly-34.0.1.Final/jboss-modules.jar
	java.class.version = 67.0
	java.home = /usr/lib/jvm/java-23-openjdk
	java.io.tmpdir = /tmp
	java.library.path = /usr/java/packages/lib:/usr/lib64:/lib64:/lib:/usr/lib
	java.net.preferIPv4Stack = true
	java.runtime.name = OpenJDK Runtime Environment
	java.runtime.version = 23.0.2
	java.security.manager = allow
	java.specification.name = Java Platform API Specification
	java.specification.vendor = Oracle Corporation
	java.specification.version = 23
	java.util.logging.manager = org.jboss.logmanager.LogManager
	java.vendor = Arch Linux
	java.vendor.url = https://openjdk.org/
	java.vendor.url.bug = https://bugreport.java.com/bugreport/
	java.version = 23.0.2
	java.version.date = 2025-01-21
	java.vm.compressedOopsMode = 32-bit
	java.vm.info = mixed mode, sharing
	java.vm.name = OpenJDK 64-Bit Server VM
	java.vm.specification.name = Java Virtual Machine Specification
	java.vm.specification.vendor = Oracle Corporation
	java.vm.specification.version = 23
	java.vm.vendor = Arch Linux
	java.vm.version = 23.0.2
	javax.management.builder.initial = org.jboss.as.jmx.PluggableMBeanServerBuilder
	jboss.home.dir = /home/barahlush/itmo/itmo_web/2lab/backend2/wildfly-34.0.1.Final
	jboss.host.name = melchior
	jboss.modules.system.pkgs = org.jboss.byteman
	jboss.node.name = melchior
	jboss.qualified.host.name = melchior
	jboss.server.base.dir = /home/barahlush/itmo/itmo_web/2lab/backend2/wildfly-34.0.1.Final/standalone
	jboss.server.config.dir = /home/barahlush/itmo/itmo_web/2lab/backend2/wildfly-34.0.1.Final/standalone/configuration
	jboss.server.data.dir = /home/barahlush/itmo/itmo_web/2lab/backend2/wildfly-34.0.1.Final/standalone/data
	jboss.server.log.dir = /home/barahlush/itmo/itmo_web/2lab/backend2/wildfly-34.0.1.Final/standalone/log
	jboss.server.name = melchior
	jboss.server.persist.config = true
	jboss.server.temp.dir = /home/barahlush/itmo/itmo_web/2lab/backend2/wildfly-34.0.1.Final/standalone/tmp
	jdk.debug = release
	jdk.serialFilter = maxbytes=10485760;maxdepth=128;maxarray=100000;maxrefs=300000
	line.separator = 

	logging.configuration = file:/home/barahlush/itmo/itmo_web/2lab/backend2/wildfly-34.0.1.Final/standalone/configuration/logging.properties
	module.path = /home/barahlush/itmo/itmo_web/2lab/backend2/wildfly-34.0.1.Final/modules
	native.encoding = UTF-8
	org.jboss.boot.log.file = /home/barahlush/itmo/itmo_web/2lab/backend2/wildfly-34.0.1.Final/standalone/log/server.log
	org.jboss.resolver.warning = true
	os.arch = amd64
	os.name = Linux
	os.version = 6.13.4-arch1-1
	path.separator = :
	stderr.encoding = UTF-8
	stdout.encoding = UTF-8
	sun.arch.data.model = 64
	sun.boot.library.path = /usr/lib/jvm/java-23-openjdk/lib
	sun.cpu.endian = little
	sun.io.unicode.encoding = UnicodeLittle
	sun.java.command = /home/barahlush/itmo/itmo_web/2lab/backend2/wildfly-34.0.1.Final/jboss-modules.jar -mp /home/barahlush/itmo/itmo_web/2lab/backend2/wildfly-34.0.1.Final/modules org.jboss.as.standalone -Djboss.home.dir=/home/barahlush/itmo/itmo_web/2lab/backend2/wildfly-34.0.1.Final -Djboss.server.base.dir=/home/barahlush/itmo/itmo_web/2lab/backend2/wildfly-34.0.1.Final/standalone
	sun.java.launcher = SUN_STANDARD
	sun.jnu.encoding = UTF-8
	sun.management.compiler = HotSpot 64-Bit Tiered Compilers
	user.country = RU
	user.dir = /home/barahlush/itmo/itmo_web/2lab/backend2/wildfly-34.0.1.Final/bin
	user.home = /home/barahlush
	user.language = ru
	user.name = barahlush
	user.timezone = Europe/Moscow
2025-02-25 18:45:05,785 DEBUG [org.jboss.as.config] (MSC service thread 1-1) VM Arguments: -D[Standalone] -Djdk.serialFilter=maxbytes=10485760;maxdepth=128;maxarray=100000;maxrefs=300000 -Xms64m -Xmx512m -XX:MetaspaceSize=96M -XX:MaxMetaspaceSize=256m -Djava.net.preferIPv4Stack=true -Djboss.modules.system.pkgs=org.jboss.byteman -Djava.awt.headless=true --add-exports=java.desktop/sun.awt=ALL-UNNAMED --add-exports=java.naming/com.sun.jndi.ldap=ALL-UNNAMED --add-exports=java.naming/com.sun.jndi.url.ldap=ALL-UNNAMED --add-exports=java.naming/com.sun.jndi.url.ldaps=ALL-UNNAMED --add-exports=jdk.naming.dns/com.sun.jndi.dns=ALL-UNNAMED --add-opens=java.base/java.lang=ALL-UNNAMED --add-opens=java.base/java.lang.invoke=ALL-UNNAMED --add-opens=java.base/java.lang.reflect=ALL-UNNAMED --add-opens=java.base/java.io=ALL-UNNAMED --add-opens=java.base/java.net=ALL-UNNAMED --add-opens=java.base/java.security=ALL-UNNAMED --add-opens=java.base/java.util=ALL-UNNAMED --add-opens=java.base/java.util.concurrent=ALL-UNNAMED --add-opens=java.management/javax.management=ALL-UNNAMED --add-opens=java.naming/javax.naming=ALL-UNNAMED -Djava.security.manager=allow -Dorg.jboss.boot.log.file=/home/barahlush/itmo/itmo_web/2lab/backend2/wildfly-34.0.1.Final/standalone/log/server.log -Dlogging.configuration=file:/home/barahlush/itmo/itmo_web/2lab/backend2/wildfly-34.0.1.Final/standalone/configuration/logging.properties 
2025-02-25 18:45:06,837 INFO  [org.wildfly.security] (Controller Boot Thread) ELY00001: WildFly Elytron version 2.6.0.Final
2025-02-25 18:45:07,540 INFO  [org.jboss.as.server] (Controller Boot Thread) WFLYSRV0039: Creating http management service using socket-binding (management-http)
2025-02-25 18:45:07,557 INFO  [org.xnio] (MSC service thread 1-8) XNIO version 3.8.16.Final
2025-02-25 18:45:07,566 INFO  [org.xnio.nio] (MSC service thread 1-8) XNIO NIO Implementation Version 3.8.16.Final
2025-02-25 18:45:07,604 INFO  [org.wildfly.extension.elytron.oidc._private] (ServerService Thread Pool -- 53) WFLYOIDC0001: Activating WildFly Elytron OIDC Subsystem
2025-02-25 18:45:07,607 INFO  [org.jboss.as.clustering.infinispan] (ServerService Thread Pool -- 55) WFLYCLINF0001: Activating Infinispan subsystem.
2025-02-25 18:45:07,607 INFO  [org.wildfly.extension.health] (ServerService Thread Pool -- 54) WFLYHEALTH0001: Activating Base Health Subsystem
2025-02-25 18:45:07,631 INFO  [org.wildfly.extension.io] (ServerService Thread Pool -- 56) WFLYIO001: Worker 'default' has auto-configured to 16 IO threads with 128 max task threads based on your 8 available processors
2025-02-25 18:45:07,634 INFO  [org.wildfly.extension.microprofile.config.smallrye] (ServerService Thread Pool -- 65) WFLYCONF0001: Activating MicroProfile Config Subsystem
2025-02-25 18:45:07,636 INFO  [org.wildfly.extension.microprofile.jwt.smallrye] (ServerService Thread Pool -- 66) WFLYJWT0001: Activating MicroProfile JWT Subsystem
2025-02-25 18:45:07,648 INFO  [org.jboss.as.naming] (ServerService Thread Pool -- 67) WFLYNAM0001: Activating Naming Subsystem
2025-02-25 18:45:07,650 WARN  [org.jboss.as.txn] (ServerService Thread Pool -- 74) WFLYTX0013: The node-identifier attribute on the /subsystem=transactions is set to the default value. This is a danger for environments running multiple servers. Please make sure the attribute value is unique.
2025-02-25 18:45:07,651 INFO  [org.jboss.as.jsf] (ServerService Thread Pool -- 62) WFLYJSF0007: Activated the following Jakarta Server Faces Implementations: [main]
2025-02-25 18:45:07,669 INFO  [org.jboss.as.jaxrs] (ServerService Thread Pool -- 57) WFLYRS0016: RESTEasy version 6.2.11.Final
2025-02-25 18:45:07,687 INFO  [org.wildfly.extension.metrics] (ServerService Thread Pool -- 64) WFLYMETRICS0001: Activating Base Metrics Subsystem
2025-02-25 18:45:07,700 INFO  [org.jboss.as.connector] (MSC service thread 1-1) WFLYJCA0009: Starting Jakarta Connectors Subsystem (WildFly/IronJacamar 3.0.10.Final)
2025-02-25 18:45:07,700 INFO  [org.jboss.as.connector.subsystems.datasources] (ServerService Thread Pool -- 44) WFLYJCA0004: Deploying JDBC-compliant driver class org.h2.Driver (version 2.2)
2025-02-25 18:45:07,701 INFO  [org.jboss.remoting] (MSC service thread 1-5) JBoss Remoting version 5.0.29.Final
2025-02-25 18:45:07,705 INFO  [org.jboss.as.webservices] (ServerService Thread Pool -- 76) WFLYWS0002: Activating WebServices Extension
2025-02-25 18:45:07,715 INFO  [org.jboss.as.connector.deployers.jdbc] (MSC service thread 1-1) WFLYJCA0018: Started Driver service with driver-name = h2
2025-02-25 18:45:07,748 INFO  [org.jboss.as.naming] (MSC service thread 1-4) WFLYNAM0003: Starting Naming Service
2025-02-25 18:45:07,755 INFO  [org.jboss.as.mail.extension] (MSC service thread 1-7) WFLYMAIL0001: Bound mail session [java:jboss/mail/Default]
2025-02-25 18:45:07,801 WARN  [org.wildfly.extension.elytron] (MSC service thread 1-4) WFLYELY00023: KeyStore file '/home/barahlush/itmo/itmo_web/2lab/backend2/wildfly-34.0.1.Final/standalone/configuration/application.keystore' does not exist. Used blank.
2025-02-25 18:45:07,817 INFO  [org.wildfly.extension.undertow] (MSC service thread 1-8) WFLYUT0003: Undertow 2.3.18.Final starting
2025-02-25 18:45:07,836 WARN  [org.wildfly.extension.elytron] (MSC service thread 1-4) WFLYELY01084: KeyStore /home/barahlush/itmo/itmo_web/2lab/backend2/wildfly-34.0.1.Final/standalone/configuration/application.keystore not found, it will be auto-generated on first use with a self-signed certificate for host localhost
2025-02-25 18:45:07,927 INFO  [org.jboss.as.ejb3] (MSC service thread 1-2) WFLYEJB0482: Strict pool mdb-strict-max-pool is using a max instance size of 32 (per class), which is derived from the number of CPUs on this host.
2025-02-25 18:45:07,928 INFO  [org.jboss.as.ejb3] (MSC service thread 1-7) WFLYEJB0481: Strict pool slsb-strict-max-pool is using a max instance size of 128 (per class), which is derived from thread worker pool sizing.
2025-02-25 18:45:07,967 INFO  [org.wildfly.extension.undertow] (ServerService Thread Pool -- 75) WFLYUT0014: Creating file handler for path '/home/barahlush/itmo/itmo_web/2lab/backend2/wildfly-34.0.1.Final/welcome-content' with options [directory-listing: 'false', follow-symlink: 'false', case-sensitive: 'true', safe-symlink-paths: '[]']
2025-02-25 18:45:07,989 INFO  [org.wildfly.extension.undertow] (MSC service thread 1-2) WFLYUT0012: Started server default-server.
2025-02-25 18:45:07,995 INFO  [org.wildfly.extension.undertow] (MSC service thread 1-7) Queuing requests.
2025-02-25 18:45:07,998 INFO  [org.wildfly.extension.undertow] (MSC service thread 1-7) WFLYUT0018: Host default-host starting
2025-02-25 18:45:08,068 INFO  [org.wildfly.extension.undertow] (MSC service thread 1-5) WFLYUT0006: Undertow HTTP listener default listening on 0.0.0.0:13679
2025-02-25 18:45:08,168 INFO  [org.jboss.as.ejb3] (MSC service thread 1-1) WFLYEJB0493: Jakarta Enterprise Beans subsystem suspension complete
2025-02-25 18:45:08,197 INFO  [org.jboss.as.server.deployment.scanner] (MSC service thread 1-7) WFLYDS0013: Started FileSystemDeploymentService for directory /home/barahlush/itmo/itmo_web/2lab/backend2/wildfly-34.0.1.Final/standalone/deployments
2025-02-25 18:45:08,235 INFO  [org.wildfly.extension.undertow] (MSC service thread 1-4) WFLYUT0006: Undertow HTTPS listener https listening on 0.0.0.0:13680
2025-02-25 18:45:08,273 INFO  [org.jboss.as.connector.subsystems.datasources] (MSC service thread 1-7) WFLYJCA0001: Bound data source [java:jboss/datasources/ExampleDS]
2025-02-25 18:45:08,333 INFO  [org.jboss.ws.common.management] (MSC service thread 1-2) JBWS022052: Starting JBossWS 7.2.0.Final (Apache CXF 4.0.5) 
2025-02-25 18:45:08,512 INFO  [org.jboss.as.server] (Controller Boot Thread) WFLYSRV0212: Resuming server
2025-02-25 18:45:08,522 INFO  [org.jboss.as] (Controller Boot Thread) WFLYSRV0060: Http management interface listening on http://0.0.0.0:13681/management
2025-02-25 18:45:08,523 INFO  [org.jboss.as] (Controller Boot Thread) WFLYSRV0051: Admin console listening on http://0.0.0.0:13681
2025-02-25 18:45:08,526 INFO  [org.jboss.as] (Controller Boot Thread) WFLYSRV0025: WildFly 34.0.1.Final (WildFly Core 26.0.1.Final) started in 5073ms - Started 328 of 542 services (322 services are lazy, passive or on-demand) - Server configuration file in use: standalone.xml - Minimum feature stability level: community
2025-02-25 18:45:25,293 INFO  [org.jboss.as.server] (management-handler-thread - 1) WFLYSRV0272: Suspending server
2025-02-25 18:45:25,298 INFO  [org.jboss.as.ejb3] (management-handler-thread - 1) WFLYEJB0493: Jakarta Enterprise Beans subsystem suspension complete
2025-02-25 18:45:25,302 INFO  [org.jboss.as.server] (Management Triggered Shutdown) WFLYSRV0241: Shutting down in response to management operation 'shutdown'
2025-02-25 18:45:25,311 INFO  [org.jboss.as.connector.subsystems.datasources] (MSC service thread 1-6) WFLYJCA0010: Unbound data source [java:jboss/datasources/ExampleDS]
2025-02-25 18:45:25,316 INFO  [org.wildfly.extension.undertow] (MSC service thread 1-2) WFLYUT0019: Host default-host stopping
2025-02-25 18:45:25,316 INFO  [org.jboss.as.mail.extension] (MSC service thread 1-1) WFLYMAIL0002: Unbound mail session [java:jboss/mail/Default]
2025-02-25 18:45:25,319 INFO  [org.wildfly.extension.undertow] (MSC service thread 1-4) WFLYUT0008: Undertow HTTPS listener https suspending
2025-02-25 18:45:25,319 INFO  [org.wildfly.extension.undertow] (MSC service thread 1-2) WFLYUT0008: Undertow HTTP listener default suspending
2025-02-25 18:45:25,320 INFO  [org.wildfly.extension.undertow] (MSC service thread 1-4) WFLYUT0007: Undertow HTTPS listener https stopped, was bound to 0.0.0.0:13680
2025-02-25 18:45:25,322 INFO  [org.wildfly.extension.undertow] (MSC service thread 1-2) WFLYUT0007: Undertow HTTP listener default stopped, was bound to 0.0.0.0:13679
2025-02-25 18:45:25,322 INFO  [org.jboss.as.connector.deployers.jdbc] (MSC service thread 1-6) WFLYJCA0019: Stopped Driver service with driver-name = h2
2025-02-25 18:45:25,323 INFO  [org.wildfly.extension.undertow] (MSC service thread 1-4) WFLYUT0004: Undertow 2.3.18.Final stopping
2025-02-25 18:45:25,345 INFO  [org.jboss.as] (MSC service thread 1-4) WFLYSRV0050: WildFly 34.0.1.Final (WildFly Core 26.0.1.Final) stopped in 36ms
2025-02-25 18:47:04,905 INFO  [org.jboss.modules] (main) JBoss Modules version 2.1.5.Final
2025-02-25 18:47:05,811 INFO  [org.jboss.msc] (main) JBoss MSC version 1.5.5.Final
2025-02-25 18:47:05,821 INFO  [org.jboss.threads] (main) JBoss Threads version 2.4.0.Final
2025-02-25 18:47:05,954 INFO  [org.jboss.as] (MSC service thread 1-2) WFLYSRV0049: WildFly 34.0.1.Final (WildFly Core 26.0.1.Final) starting
2025-02-25 18:47:05,957 DEBUG [org.jboss.as.config] (MSC service thread 1-2) Configured system properties:
	[Standalone] = 
	file.encoding = UTF-8
	file.separator = /
	java.awt.headless = true
	java.class.path = /home/barahlush/itmo/itmo_web/2lab/backend2/wildfly-34.0.1.Final/jboss-modules.jar
	java.class.version = 67.0
	java.home = /usr/lib/jvm/java-23-openjdk
	java.io.tmpdir = /tmp
	java.library.path = /usr/java/packages/lib:/usr/lib64:/lib64:/lib:/usr/lib
	java.net.preferIPv4Stack = true
	java.runtime.name = OpenJDK Runtime Environment
	java.runtime.version = 23.0.2
	java.security.manager = allow
	java.specification.name = Java Platform API Specification
	java.specification.vendor = Oracle Corporation
	java.specification.version = 23
	java.util.logging.manager = org.jboss.logmanager.LogManager
	java.vendor = Arch Linux
	java.vendor.url = https://openjdk.org/
	java.vendor.url.bug = https://bugreport.java.com/bugreport/
	java.version = 23.0.2
	java.version.date = 2025-01-21
	java.vm.compressedOopsMode = 32-bit
	java.vm.info = mixed mode, sharing
	java.vm.name = OpenJDK 64-Bit Server VM
	java.vm.specification.name = Java Virtual Machine Specification
	java.vm.specification.vendor = Oracle Corporation
	java.vm.specification.version = 23
	java.vm.vendor = Arch Linux
	java.vm.version = 23.0.2
	javax.management.builder.initial = org.jboss.as.jmx.PluggableMBeanServerBuilder
	jboss.home.dir = /home/barahlush/itmo/itmo_web/2lab/backend2/wildfly-34.0.1.Final
	jboss.host.name = melchior
	jboss.modules.system.pkgs = org.jboss.byteman
	jboss.node.name = melchior
	jboss.qualified.host.name = melchior
	jboss.server.base.dir = /home/barahlush/itmo/itmo_web/2lab/backend2/wildfly-34.0.1.Final/standalone
	jboss.server.config.dir = /home/barahlush/itmo/itmo_web/2lab/backend2/wildfly-34.0.1.Final/standalone/configuration
	jboss.server.data.dir = /home/barahlush/itmo/itmo_web/2lab/backend2/wildfly-34.0.1.Final/standalone/data
	jboss.server.log.dir = /home/barahlush/itmo/itmo_web/2lab/backend2/wildfly-34.0.1.Final/standalone/log
	jboss.server.name = melchior
	jboss.server.persist.config = true
	jboss.server.temp.dir = /home/barahlush/itmo/itmo_web/2lab/backend2/wildfly-34.0.1.Final/standalone/tmp
	jdk.debug = release
	jdk.serialFilter = maxbytes=10485760;maxdepth=128;maxarray=100000;maxrefs=300000
	line.separator = 

	logging.configuration = file:/home/barahlush/itmo/itmo_web/2lab/backend2/wildfly-34.0.1.Final/standalone/configuration/logging.properties
	module.path = /home/barahlush/itmo/itmo_web/2lab/backend2/wildfly-34.0.1.Final/modules
	native.encoding = UTF-8
	org.jboss.boot.log.file = /home/barahlush/itmo/itmo_web/2lab/backend2/wildfly-34.0.1.Final/standalone/log/server.log
	org.jboss.resolver.warning = true
	os.arch = amd64
	os.name = Linux
	os.version = 6.13.4-arch1-1
	path.separator = :
	stderr.encoding = UTF-8
	stdout.encoding = UTF-8
	sun.arch.data.model = 64
	sun.boot.library.path = /usr/lib/jvm/java-23-openjdk/lib
	sun.cpu.endian = little
	sun.io.unicode.encoding = UnicodeLittle
	sun.java.command = /home/barahlush/itmo/itmo_web/2lab/backend2/wildfly-34.0.1.Final/jboss-modules.jar -mp /home/barahlush/itmo/itmo_web/2lab/backend2/wildfly-34.0.1.Final/modules org.jboss.as.standalone -Djboss.home.dir=/home/barahlush/itmo/itmo_web/2lab/backend2/wildfly-34.0.1.Final -Djboss.server.base.dir=/home/barahlush/itmo/itmo_web/2lab/backend2/wildfly-34.0.1.Final/standalone
	sun.java.launcher = SUN_STANDARD
	sun.jnu.encoding = UTF-8
	sun.management.compiler = HotSpot 64-Bit Tiered Compilers
	user.country = RU
	user.dir = /home/barahlush/itmo/itmo_web/2lab/backend2/wildfly-34.0.1.Final/bin
	user.home = /home/barahlush
	user.language = ru
	user.name = barahlush
	user.timezone = Europe/Moscow
2025-02-25 18:47:05,959 DEBUG [org.jboss.as.config] (MSC service thread 1-2) VM Arguments: -D[Standalone] -Djdk.serialFilter=maxbytes=10485760;maxdepth=128;maxarray=100000;maxrefs=300000 -Xms64m -Xmx512m -XX:MetaspaceSize=96M -XX:MaxMetaspaceSize=256m -Djava.net.preferIPv4Stack=true -Djboss.modules.system.pkgs=org.jboss.byteman -Djava.awt.headless=true --add-exports=java.desktop/sun.awt=ALL-UNNAMED --add-exports=java.naming/com.sun.jndi.ldap=ALL-UNNAMED --add-exports=java.naming/com.sun.jndi.url.ldap=ALL-UNNAMED --add-exports=java.naming/com.sun.jndi.url.ldaps=ALL-UNNAMED --add-exports=jdk.naming.dns/com.sun.jndi.dns=ALL-UNNAMED --add-opens=java.base/java.lang=ALL-UNNAMED --add-opens=java.base/java.lang.invoke=ALL-UNNAMED --add-opens=java.base/java.lang.reflect=ALL-UNNAMED --add-opens=java.base/java.io=ALL-UNNAMED --add-opens=java.base/java.net=ALL-UNNAMED --add-opens=java.base/java.security=ALL-UNNAMED --add-opens=java.base/java.util=ALL-UNNAMED --add-opens=java.base/java.util.concurrent=ALL-UNNAMED --add-opens=java.management/javax.management=ALL-UNNAMED --add-opens=java.naming/javax.naming=ALL-UNNAMED -Djava.security.manager=allow -Dorg.jboss.boot.log.file=/home/barahlush/itmo/itmo_web/2lab/backend2/wildfly-34.0.1.Final/standalone/log/server.log -Dlogging.configuration=file:/home/barahlush/itmo/itmo_web/2lab/backend2/wildfly-34.0.1.Final/standalone/configuration/logging.properties 
2025-02-25 18:47:07,014 INFO  [org.wildfly.security] (Controller Boot Thread) ELY00001: WildFly Elytron version 2.6.0.Final
2025-02-25 18:47:07,726 INFO  [org.jboss.as.server] (Controller Boot Thread) WFLYSRV0039: Creating http management service using socket-binding (management-http)
2025-02-25 18:47:07,744 INFO  [org.xnio] (MSC service thread 1-7) XNIO version 3.8.16.Final
2025-02-25 18:47:07,753 INFO  [org.xnio.nio] (MSC service thread 1-7) XNIO NIO Implementation Version 3.8.16.Final
2025-02-25 18:47:07,790 INFO  [org.wildfly.extension.elytron.oidc._private] (ServerService Thread Pool -- 53) WFLYOIDC0001: Activating WildFly Elytron OIDC Subsystem
2025-02-25 18:47:07,795 INFO  [org.jboss.as.clustering.infinispan] (ServerService Thread Pool -- 55) WFLYCLINF0001: Activating Infinispan subsystem.
2025-02-25 18:47:07,797 INFO  [org.wildfly.extension.health] (ServerService Thread Pool -- 54) WFLYHEALTH0001: Activating Base Health Subsystem
2025-02-25 18:47:07,818 INFO  [org.wildfly.extension.io] (ServerService Thread Pool -- 56) WFLYIO001: Worker 'default' has auto-configured to 16 IO threads with 128 max task threads based on your 8 available processors
2025-02-25 18:47:07,820 INFO  [org.wildfly.extension.microprofile.jwt.smallrye] (ServerService Thread Pool -- 66) WFLYJWT0001: Activating MicroProfile JWT Subsystem
2025-02-25 18:47:07,823 INFO  [org.wildfly.extension.microprofile.config.smallrye] (ServerService Thread Pool -- 65) WFLYCONF0001: Activating MicroProfile Config Subsystem
2025-02-25 18:47:07,835 INFO  [org.jboss.as.naming] (ServerService Thread Pool -- 67) WFLYNAM0001: Activating Naming Subsystem
2025-02-25 18:47:07,848 WARN  [org.jboss.as.txn] (ServerService Thread Pool -- 74) WFLYTX0013: The node-identifier attribute on the /subsystem=transactions is set to the default value. This is a danger for environments running multiple servers. Please make sure the attribute value is unique.
2025-02-25 18:47:07,852 INFO  [org.jboss.as.jaxrs] (ServerService Thread Pool -- 57) WFLYRS0016: RESTEasy version 6.2.11.Final
2025-02-25 18:47:07,856 INFO  [org.jboss.as.jsf] (ServerService Thread Pool -- 62) WFLYJSF0007: Activated the following Jakarta Server Faces Implementations: [main]
2025-02-25 18:47:07,866 INFO  [org.jboss.as.connector] (MSC service thread 1-2) WFLYJCA0009: Starting Jakarta Connectors Subsystem (WildFly/IronJacamar 3.0.10.Final)
2025-02-25 18:47:07,873 INFO  [org.jboss.as.connector.subsystems.datasources] (ServerService Thread Pool -- 44) WFLYJCA0004: Deploying JDBC-compliant driver class org.h2.Driver (version 2.2)
2025-02-25 18:47:07,876 INFO  [org.wildfly.extension.metrics] (ServerService Thread Pool -- 64) WFLYMETRICS0001: Activating Base Metrics Subsystem
2025-02-25 18:47:07,892 INFO  [org.jboss.as.webservices] (ServerService Thread Pool -- 76) WFLYWS0002: Activating WebServices Extension
2025-02-25 18:47:07,895 INFO  [org.jboss.as.connector.deployers.jdbc] (MSC service thread 1-7) WFLYJCA0018: Started Driver service with driver-name = h2
2025-02-25 18:47:07,893 INFO  [org.jboss.remoting] (MSC service thread 1-3) JBoss Remoting version 5.0.29.Final
2025-02-25 18:47:07,927 INFO  [org.jboss.as.naming] (MSC service thread 1-1) WFLYNAM0003: Starting Naming Service
2025-02-25 18:47:07,934 INFO  [org.jboss.as.mail.extension] (MSC service thread 1-5) WFLYMAIL0001: Bound mail session [java:jboss/mail/Default]
2025-02-25 18:47:08,017 INFO  [org.wildfly.extension.undertow] (MSC service thread 1-4) WFLYUT0003: Undertow 2.3.18.Final starting
2025-02-25 18:47:08,025 WARN  [org.wildfly.extension.elytron] (MSC service thread 1-1) WFLYELY00023: KeyStore file '/home/barahlush/itmo/itmo_web/2lab/backend2/wildfly-34.0.1.Final/standalone/configuration/application.keystore' does not exist. Used blank.
2025-02-25 18:47:08,071 WARN  [org.wildfly.extension.elytron] (MSC service thread 1-7) WFLYELY01084: KeyStore /home/barahlush/itmo/itmo_web/2lab/backend2/wildfly-34.0.1.Final/standalone/configuration/application.keystore not found, it will be auto-generated on first use with a self-signed certificate for host localhost
2025-02-25 18:47:08,138 INFO  [org.jboss.as.ejb3] (MSC service thread 1-4) WFLYEJB0481: Strict pool slsb-strict-max-pool is using a max instance size of 128 (per class), which is derived from thread worker pool sizing.
2025-02-25 18:47:08,139 INFO  [org.jboss.as.ejb3] (MSC service thread 1-2) WFLYEJB0482: Strict pool mdb-strict-max-pool is using a max instance size of 32 (per class), which is derived from the number of CPUs on this host.
2025-02-25 18:47:08,151 INFO  [org.wildfly.extension.undertow] (ServerService Thread Pool -- 75) WFLYUT0014: Creating file handler for path '/home/barahlush/itmo/itmo_web/2lab/backend2/wildfly-34.0.1.Final/welcome-content' with options [directory-listing: 'false', follow-symlink: 'false', case-sensitive: 'true', safe-symlink-paths: '[]']
2025-02-25 18:47:08,178 INFO  [org.wildfly.extension.undertow] (MSC service thread 1-4) WFLYUT0012: Started server default-server.
2025-02-25 18:47:08,185 INFO  [org.wildfly.extension.undertow] (MSC service thread 1-6) Queuing requests.
2025-02-25 18:47:08,189 INFO  [org.wildfly.extension.undertow] (MSC service thread 1-6) WFLYUT0018: Host default-host starting
2025-02-25 18:47:08,266 INFO  [org.wildfly.extension.undertow] (MSC service thread 1-3) WFLYUT0006: Undertow HTTP listener default listening on 0.0.0.0:13679
2025-02-25 18:47:08,369 INFO  [org.wildfly.extension.undertow] (MSC service thread 1-7) WFLYUT0006: Undertow HTTPS listener https listening on 0.0.0.0:13680
2025-02-25 18:47:08,379 INFO  [org.jboss.as.ejb3] (MSC service thread 1-8) WFLYEJB0493: Jakarta Enterprise Beans subsystem suspension complete
2025-02-25 18:47:08,402 INFO  [org.jboss.as.server.deployment.scanner] (MSC service thread 1-3) WFLYDS0013: Started FileSystemDeploymentService for directory /home/barahlush/itmo/itmo_web/2lab/backend2/wildfly-34.0.1.Final/standalone/deployments
2025-02-25 18:47:08,457 INFO  [org.jboss.as.connector.subsystems.datasources] (MSC service thread 1-6) WFLYJCA0001: Bound data source [java:jboss/datasources/ExampleDS]
2025-02-25 18:47:08,496 INFO  [org.jboss.ws.common.management] (MSC service thread 1-7) JBWS022052: Starting JBossWS 7.2.0.Final (Apache CXF 4.0.5) 
2025-02-25 18:47:08,636 INFO  [org.jboss.as.server] (Controller Boot Thread) WFLYSRV0212: Resuming server
2025-02-25 18:47:08,643 INFO  [org.jboss.as] (Controller Boot Thread) WFLYSRV0060: Http management interface listening on http://0.0.0.0:13681/management
2025-02-25 18:47:08,644 INFO  [org.jboss.as] (Controller Boot Thread) WFLYSRV0051: Admin console listening on http://0.0.0.0:13681
2025-02-25 18:47:08,646 INFO  [org.jboss.as] (Controller Boot Thread) WFLYSRV0025: WildFly 34.0.1.Final (WildFly Core 26.0.1.Final) started in 5107ms - Started 328 of 542 services (322 services are lazy, passive or on-demand) - Server configuration file in use: standalone.xml - Minimum feature stability level: community
2025-02-25 18:48:10,740 INFO  [org.jboss.as.server] (management-handler-thread - 1) WFLYSRV0272: Suspending server
2025-02-25 18:48:10,746 INFO  [org.jboss.as.ejb3] (management-handler-thread - 1) WFLYEJB0493: Jakarta Enterprise Beans subsystem suspension complete
2025-02-25 18:48:10,750 INFO  [org.jboss.as.server] (Management Triggered Shutdown) WFLYSRV0241: Shutting down in response to management operation 'shutdown'
2025-02-25 18:48:10,771 INFO  [org.jboss.as.connector.subsystems.datasources] (MSC service thread 1-3) WFLYJCA0010: Unbound data source [java:jboss/datasources/ExampleDS]
2025-02-25 18:48:10,772 INFO  [org.jboss.as.mail.extension] (MSC service thread 1-3) WFLYMAIL0002: Unbound mail session [java:jboss/mail/Default]
2025-02-25 18:48:10,772 INFO  [org.wildfly.extension.undertow] (MSC service thread 1-7) WFLYUT0019: Host default-host stopping
2025-02-25 18:48:10,774 INFO  [org.wildfly.extension.undertow] (MSC service thread 1-4) WFLYUT0008: Undertow HTTP listener default suspending
2025-02-25 18:48:10,774 INFO  [org.wildfly.extension.undertow] (MSC service thread 1-1) WFLYUT0008: Undertow HTTPS listener https suspending
2025-02-25 18:48:10,777 INFO  [org.jboss.as.connector.deployers.jdbc] (MSC service thread 1-6) WFLYJCA0019: Stopped Driver service with driver-name = h2
2025-02-25 18:48:10,777 INFO  [org.wildfly.extension.undertow] (MSC service thread 1-1) WFLYUT0007: Undertow HTTPS listener https stopped, was bound to 0.0.0.0:13680
2025-02-25 18:48:10,781 INFO  [org.wildfly.extension.undertow] (MSC service thread 1-4) WFLYUT0007: Undertow HTTP listener default stopped, was bound to 0.0.0.0:13679
2025-02-25 18:48:10,784 INFO  [org.wildfly.extension.undertow] (MSC service thread 1-7) WFLYUT0004: Undertow 2.3.18.Final stopping
2025-02-25 18:48:10,800 INFO  [org.jboss.as] (MSC service thread 1-7) WFLYSRV0050: WildFly 34.0.1.Final (WildFly Core 26.0.1.Final) stopped in 42ms
